<?xml version="1.0" encoding="UTF-8"?>
<!-- Generated by org.testng.reporters.JUnitXMLReporter -->
<testsuite ignored="2" hostname="Sanchi-MacBook-Air.local" failures="1" tests="1" name="Default test(failed)(failed)(failed)(failed)(failed)(failed)(failed)(failed)(failed)" time="10.402" errors="0" timestamp="2023-12-19T20:16:52 IST">
  <testcase classname="com.qa.tests.LoginTest" name="validateLogin" time="0.105">
    <failure type="org.openqa.selenium.ElementClickInterceptedException" message="Element &amp;lt;input class=&amp;quot;btn btn-small&amp;quot; type=&amp;quot;submit&amp;quot;&amp;gt; is not clickable at point (1229,122) because another element &amp;lt;div id=&amp;quot;preloader&amp;quot;&amp;gt; obscures it
Build info: version: &amp;apos;4.15.0&amp;apos;, revision: &amp;apos;1d14b5521b&amp;apos;
System info: os.name: &amp;apos;Mac OS X&amp;apos;, os.arch: &amp;apos;aarch64&amp;apos;, os.version: &amp;apos;12.1&amp;apos;, java.version: &amp;apos;17.0.7&amp;apos;
Driver info: org.openqa.selenium.firefox.FirefoxDriver
Command: [41c5ae52-a965-4a42-b0f5-9b641a4b4629, clickElement {id=bf4d98d3-a889-4ffc-8f6c-162d71023b8c}]
Capabilities {acceptInsecureCerts: true, browserName: firefox, browserVersion: 119.0.1, moz:accessibilityChecks: false, moz:buildID: 20231106151204, moz:debuggerAddress: 127.0.0.1:16076, moz:geckodriverVersion: 0.33.0, moz:headless: false, moz:platformVersion: 21.2.0, moz:processID: 5017, moz:profile: /var/folders/gb/x_92cx2d7lz..., moz:shutdownTimeout: 60000, moz:webdriverClick: true, moz:windowless: false, pageLoadStrategy: normal, platformName: mac, proxy: Proxy(), se:cdp: ws://127.0.0.1:16076/devtoo..., se:cdpVersion: 85.0, setWindowRect: true, strictFileInteractability: false, timeouts: {implicit: 0, pageLoad: 300000, script: 30000}, unhandledPromptBehavior: dismiss and notify}
Element: [[FirefoxDriver: firefox on mac (41c5ae52-a965-4a42-b0f5-9b641a4b4629)] -&amp;gt; xpath: //*[@id=&amp;quot;loginForm&amp;quot;]/div/div/input]
Session ID: 41c5ae52-a965-4a42-b0f5-9b641a4b4629">
      <![CDATA[org.openqa.selenium.ElementClickInterceptedException: Element <input class="btn btn-small" type="submit"> is not clickable at point (1229,122) because another element <div id="preloader"> obscures it
Build info: version: '4.15.0', revision: '1d14b5521b'
System info: os.name: 'Mac OS X', os.arch: 'aarch64', os.version: '12.1', java.version: '17.0.7'
Driver info: org.openqa.selenium.firefox.FirefoxDriver
Command: [41c5ae52-a965-4a42-b0f5-9b641a4b4629, clickElement {id=bf4d98d3-a889-4ffc-8f6c-162d71023b8c}]
Capabilities {acceptInsecureCerts: true, browserName: firefox, browserVersion: 119.0.1, moz:accessibilityChecks: false, moz:buildID: 20231106151204, moz:debuggerAddress: 127.0.0.1:16076, moz:geckodriverVersion: 0.33.0, moz:headless: false, moz:platformVersion: 21.2.0, moz:processID: 5017, moz:profile: /var/folders/gb/x_92cx2d7lz..., moz:shutdownTimeout: 60000, moz:webdriverClick: true, moz:windowless: false, pageLoadStrategy: normal, platformName: mac, proxy: Proxy(), se:cdp: ws://127.0.0.1:16076/devtoo..., se:cdpVersion: 85.0, setWindowRect: true, strictFileInteractability: false, timeouts: {implicit: 0, pageLoad: 300000, script: 30000}, unhandledPromptBehavior: dismiss and notify}
Element: [[FirefoxDriver: firefox on mac (41c5ae52-a965-4a42-b0f5-9b641a4b4629)] -> xpath: //*[@id="loginForm"]/div/div/input]
Session ID: 41c5ae52-a965-4a42-b0f5-9b641a4b4629
at org.openqa.selenium.remote.codec.w3c.W3CHttpResponseCodec.createException(W3CHttpResponseCodec.java:200)
at org.openqa.selenium.remote.codec.w3c.W3CHttpResponseCodec.decode(W3CHttpResponseCodec.java:133)
at org.openqa.selenium.remote.codec.w3c.W3CHttpResponseCodec.decode(W3CHttpResponseCodec.java:52)
at org.openqa.selenium.remote.HttpCommandExecutor.execute(HttpCommandExecutor.java:191)
at org.openqa.selenium.remote.service.DriverCommandExecutor.invokeExecute(DriverCommandExecutor.java:200)
at org.openqa.selenium.remote.service.DriverCommandExecutor.execute(DriverCommandExecutor.java:175)
at org.openqa.selenium.remote.RemoteWebDriver.execute(RemoteWebDriver.java:607)
at org.openqa.selenium.remote.RemoteWebElement.execute(RemoteWebElement.java:224)
at org.openqa.selenium.remote.RemoteWebElement.click(RemoteWebElement.java:77)
at org.openqa.selenium.support.pagefactory.internal.LocatingElementHandler.invoke(LocatingElementHandler.java:51)
at jdk.proxy2/jdk.proxy2.$Proxy12.click(Unknown Source)
at com.qa.pages.Login.ValidLogin(Login.java:48)
at com.qa.tests.LoginTest.validateLogin(LoginTest.java:36)
at java.base/java.util.ArrayList.forEach(ArrayList.java:1511)
... Removed 36 stack frames]]>
    </failure>
  </testcase> <!-- validateLogin -->
  <testcase classname="com.qa.tests.LoginTest" name="getTitle" time="0.0">
    <ignored/>
  </testcase> <!-- getTitle -->
  <testcase classname="com.qa.tests.LoginTest" name="getCRMLogo" time="0.0">
    <ignored/>
  </testcase> <!-- getCRMLogo -->
</testsuite> <!-- Default test(failed)(failed)(failed)(failed)(failed)(failed)(failed)(failed)(failed) -->
