<?xml version="1.0" encoding="UTF-8"?>
<testng-results ignored="0" total="1" passed="1" failed="0" skipped="0">
  <reporter-output>
  </reporter-output>
  <suite started-at="2024-01-16T14:41:08 IST" name="Default suite" finished-at="2024-01-16T14:41:32 IST" duration-ms="23481">
    <groups>
    </groups>
    <test started-at="2024-01-16T14:41:08 IST" name="Default test" finished-at="2024-01-16T14:41:32 IST" duration-ms="23481">
      <class name="com.qa.tests.ContactPageTest">
        <test-method is-config="true" signature="BeforeTestExecution()[pri:0, instance:com.qa.tests.ContactPageTest@2ed2d9cb]" started-at="2024-01-16T14:41:09 IST" name="BeforeTestExecution" finished-at="2024-01-16T14:41:32 IST" duration-ms="23029" status="PASS">
          <reporter-output>
          </reporter-output>
        </test-method> <!-- BeforeTestExecution -->
        <test-method signature="VerifyContactlabel()[pri:0, instance:com.qa.tests.ContactPageTest@2ed2d9cb]" started-at="2024-01-16T14:41:32 IST" name="VerifyContactlabel" finished-at="2024-01-16T14:41:32 IST" duration-ms="30" status="PASS">
          <reporter-output>
          </reporter-output>
        </test-method> <!-- VerifyContactlabel -->
        <test-method is-config="true" signature="teardown()[pri:0, instance:com.qa.tests.ContactPageTest@2ed2d9cb]" started-at="2024-01-16T14:41:32 IST" name="teardown" finished-at="2024-01-16T14:41:32 IST" duration-ms="406" status="PASS">
          <reporter-output>
          </reporter-output>
        </test-method> <!-- teardown -->
      </class> <!-- com.qa.tests.ContactPageTest -->
    </test> <!-- Default test -->
  </suite> <!-- Default suite -->
</testng-results>
