<?xml version="1.0" encoding="UTF-8"?>
<!-- Generated by org.testng.reporters.JUnitXMLReporter -->
<testsuite ignored="2" hostname="Sanchi-MacBook-Air.local" failures="1" tests="1" name="Default test(failed)(failed)(failed)(failed)(failed)(failed)(failed)" time="9.542" errors="0" timestamp="2023-12-19T20:11:55 IST">
  <testcase classname="com.qa.tests.LoginTest" name="validateLogin" time="0.073">
    <failure type="org.openqa.selenium.ElementClickInterceptedException" message="Element &amp;lt;input class=&amp;quot;btn btn-small&amp;quot; type=&amp;quot;submit&amp;quot;&amp;gt; is not clickable at point (1229,122) because another element &amp;lt;div id=&amp;quot;preloader&amp;quot;&amp;gt; obscures it
Build info: version: &amp;apos;4.15.0&amp;apos;, revision: &amp;apos;1d14b5521b&amp;apos;
System info: os.name: &amp;apos;Mac OS X&amp;apos;, os.arch: &amp;apos;aarch64&amp;apos;, os.version: &amp;apos;12.1&amp;apos;, java.version: &amp;apos;17.0.7&amp;apos;
Driver info: org.openqa.selenium.firefox.FirefoxDriver
Command: [7c0e2fa5-63bb-4083-aadb-08ea8adc4c59, clickElement {id=169f30e4-f7ef-47e1-95b5-16c244da1662}]
Capabilities {acceptInsecureCerts: true, browserName: firefox, browserVersion: 119.0.1, moz:accessibilityChecks: false, moz:buildID: 20231106151204, moz:debuggerAddress: 127.0.0.1:15614, moz:geckodriverVersion: 0.33.0, moz:headless: false, moz:platformVersion: 21.2.0, moz:processID: 4896, moz:profile: /var/folders/gb/x_92cx2d7lz..., moz:shutdownTimeout: 60000, moz:webdriverClick: true, moz:windowless: false, pageLoadStrategy: normal, platformName: mac, proxy: Proxy(), se:cdp: ws://127.0.0.1:15614/devtoo..., se:cdpVersion: 85.0, setWindowRect: true, strictFileInteractability: false, timeouts: {implicit: 0, pageLoad: 300000, script: 30000}, unhandledPromptBehavior: dismiss and notify}
Element: [[FirefoxDriver: firefox on mac (7c0e2fa5-63bb-4083-aadb-08ea8adc4c59)] -&amp;gt; xpath: //input[@class=&amp;apos;btn btn-small&amp;apos;]]
Session ID: 7c0e2fa5-63bb-4083-aadb-08ea8adc4c59">
      <![CDATA[org.openqa.selenium.ElementClickInterceptedException: Element <input class="btn btn-small" type="submit"> is not clickable at point (1229,122) because another element <div id="preloader"> obscures it
Build info: version: '4.15.0', revision: '1d14b5521b'
System info: os.name: 'Mac OS X', os.arch: 'aarch64', os.version: '12.1', java.version: '17.0.7'
Driver info: org.openqa.selenium.firefox.FirefoxDriver
Command: [7c0e2fa5-63bb-4083-aadb-08ea8adc4c59, clickElement {id=169f30e4-f7ef-47e1-95b5-16c244da1662}]
Capabilities {acceptInsecureCerts: true, browserName: firefox, browserVersion: 119.0.1, moz:accessibilityChecks: false, moz:buildID: 20231106151204, moz:debuggerAddress: 127.0.0.1:15614, moz:geckodriverVersion: 0.33.0, moz:headless: false, moz:platformVersion: 21.2.0, moz:processID: 4896, moz:profile: /var/folders/gb/x_92cx2d7lz..., moz:shutdownTimeout: 60000, moz:webdriverClick: true, moz:windowless: false, pageLoadStrategy: normal, platformName: mac, proxy: Proxy(), se:cdp: ws://127.0.0.1:15614/devtoo..., se:cdpVersion: 85.0, setWindowRect: true, strictFileInteractability: false, timeouts: {implicit: 0, pageLoad: 300000, script: 30000}, unhandledPromptBehavior: dismiss and notify}
Element: [[FirefoxDriver: firefox on mac (7c0e2fa5-63bb-4083-aadb-08ea8adc4c59)] -> xpath: //input[@class='btn btn-small']]
Session ID: 7c0e2fa5-63bb-4083-aadb-08ea8adc4c59
at org.openqa.selenium.remote.codec.w3c.W3CHttpResponseCodec.createException(W3CHttpResponseCodec.java:200)
at org.openqa.selenium.remote.codec.w3c.W3CHttpResponseCodec.decode(W3CHttpResponseCodec.java:133)
at org.openqa.selenium.remote.codec.w3c.W3CHttpResponseCodec.decode(W3CHttpResponseCodec.java:52)
at org.openqa.selenium.remote.HttpCommandExecutor.execute(HttpCommandExecutor.java:191)
at org.openqa.selenium.remote.service.DriverCommandExecutor.invokeExecute(DriverCommandExecutor.java:200)
at org.openqa.selenium.remote.service.DriverCommandExecutor.execute(DriverCommandExecutor.java:175)
at org.openqa.selenium.remote.RemoteWebDriver.execute(RemoteWebDriver.java:607)
at org.openqa.selenium.remote.RemoteWebElement.execute(RemoteWebElement.java:224)
at org.openqa.selenium.remote.RemoteWebElement.click(RemoteWebElement.java:77)
at org.openqa.selenium.support.pagefactory.internal.LocatingElementHandler.invoke(LocatingElementHandler.java:51)
at jdk.proxy2/jdk.proxy2.$Proxy12.click(Unknown Source)
at com.qa.pages.Login.ValidLogin(Login.java:48)
at com.qa.tests.LoginTest.validateLogin(LoginTest.java:36)
at java.base/java.util.ArrayList.forEach(ArrayList.java:1511)
... Removed 36 stack frames]]>
    </failure>
  </testcase> <!-- validateLogin -->
  <testcase classname="com.qa.tests.LoginTest" name="getTitle" time="0.0">
    <ignored/>
  </testcase> <!-- getTitle -->
  <testcase classname="com.qa.tests.LoginTest" name="getCRMLogo" time="0.0">
    <ignored/>
  </testcase> <!-- getCRMLogo -->
</testsuite> <!-- Default test(failed)(failed)(failed)(failed)(failed)(failed)(failed) -->
