<?xml version="1.0" encoding="UTF-8"?>
<!-- Generated by org.testng.reporters.JUnitXMLReporter -->
<testsuite ignored="2" hostname="Sanchi-MacBook-Air.local" failures="0" tests="1" name="Default test(failed)(failed)(failed)(failed)(failed)(failed)(failed)(failed)(failed)(failed)(failed)(failed)(failed)" time="33.197" errors="0" timestamp="2023-12-27T18:07:18 IST">
  <testcase classname="com.qa.tests.LoginTest" name="validateLogin" time="15.148"/>
  <testcase classname="com.qa.tests.LoginTest" name="getCRMLogo" time="0.0">
    <ignored/>
  </testcase> <!-- getCRMLogo -->
  <testcase classname="com.qa.tests.LoginTest" name="getTitle" time="0.0">
    <ignored/>
  </testcase> <!-- getTitle -->
</testsuite> <!-- Default test(failed)(failed)(failed)(failed)(failed)(failed)(failed)(failed)(failed)(failed)(failed)(failed)(failed) -->
